<?xml version="1.0" encoding="UTF-8"?>
<testsuite xmlns:xsi="http://www.w3.org/2001/XMLSchema-instance" xsi:noNamespaceSchemaLocation="https://maven.apache.org/surefire/maven-surefire-plugin/xsd/surefire-test-report.xsd" name="com.example.demo.DemoApplicationTests" time="8.71" tests="2" errors="0" skipped="0" failures="0">
  <properties>
[...]
</properties>
  <testcase name="testSomething" classname="com.example.demo.DemoApplicationTests" time="1.637"/>
  <testcase name="contextLoads" classname="com.example.demo.DemoApplicationTests" time="0.006"/>
</testsuite>